<?xml version="1.0" encoding="UTF-8"?>
<!-- Generated by org.testng.reporters.JUnitReportReporter -->
<testsuite hostname="DESKTOP-DIHH1GD" failures="0" tests="1" name="XYZBank.AddCustomerPageValidationTest" time="12.687" errors="0" timestamp="2024-03-07T19:42:39 IST" skipped="0">
  <testcase classname="XYZBank.AddCustomerPageValidationTest" name="homePageValidation" time="12.687"/>
  <system-out/>
</testsuite> <!-- XYZBank.AddCustomerPageValidationTest -->
