<?xml version="1.0" encoding="UTF-8"?>
<!-- Generated by org.testng.reporters.JUnitReportReporter -->
<testsuite hostname="DESKTOP-DIHH1GD" failures="0" tests="1" name="XYZBank.XYZTest" time="11.284" errors="0" timestamp="2024-03-07T22:03:43 IST" skipped="0">
  <testcase classname="XYZBank.XYZTest" name="homePageValidation" time="11.284"/>
  <system-out/>
</testsuite> <!-- XYZBank.XYZTest -->
