<?xml version="1.0" encoding="UTF-8"?>
<!-- Generated by org.testng.reporters.JUnitReportReporter -->
<testsuite hostname="DESKTOP-DIHH1GD" failures="0" tests="2" name="XYZBank.OpenAccountPageValidationTest" time="26.488" errors="0" timestamp="2024-03-08T03:58:10 IST" skipped="0">
  <testcase classname="XYZBank.OpenAccountPageValidationTest" name="openAccountPageValidation" time="11.759"/>
  <system-out/>
  <testcase classname="XYZBank.OpenAccountPageValidationTest" name="openAccountPageValidation" time="14.729"/>
  <system-out/>
</testsuite> <!-- XYZBank.OpenAccountPageValidationTest -->
