<?xml version="1.0" encoding="UTF-8"?>
<!-- Generated by org.testng.reporters.JUnitReportReporter -->
<testsuite hostname="DESKTOP-DIHH1GD" failures="0" tests="1" name="capstone.project.customerLogin" time="7.854" errors="0" timestamp="2024-03-07T15:13:16 IST" skipped="0">
  <testcase classname="capstone.project.customerLogin" name="customer" time="7.854"/>
</testsuite> <!-- capstone.project.customerLogin -->
