<?xml version="1.0" encoding="UTF-8"?>
<!-- Generated by org.testng.reporters.JUnitReportReporter -->
<testsuite hostname="DESKTOP-DIHH1GD" failures="0" tests="1" name="XYZBank.NoAccountsValidationTest" time="21.402" errors="0" timestamp="2024-03-08T04:04:01 IST" skipped="0">
  <testcase classname="XYZBank.NoAccountsValidationTest" name="noAccountsValidation" time="21.402"/>
  <system-out/>
</testsuite> <!-- XYZBank.NoAccountsValidationTest -->
