<?xml version="1.0" encoding="UTF-8"?>
<!-- Generated by org.testng.reporters.JUnitReportReporter -->
<testsuite hostname="DESKTOP-DIHH1GD" failures="0" tests="1" name="XYZBank.OpenAccountPageValidationTest" time="11.916" errors="0" timestamp="2024-03-07T19:42:39 IST" skipped="0">
  <testcase classname="XYZBank.OpenAccountPageValidationTest" name="openAccountPageValidation" time="11.916"/>
  <system-out/>
</testsuite> <!-- XYZBank.OpenAccountPageValidationTest -->
