<?xml version="1.0" encoding="UTF-8"?>
<!-- Generated by org.testng.reporters.JUnitReportReporter -->
<testsuite hostname="DESKTOP-DIHH1GD" failures="0" tests="2" name="XYZBank.CustomersPageValidationTest" time="50.368" errors="0" timestamp="2024-03-08T03:58:10 IST" skipped="0">
  <testcase classname="XYZBank.CustomersPageValidationTest" name="customersPageValidation" time="29.821"/>
  <system-out/>
  <testcase classname="XYZBank.CustomersPageValidationTest" name="customersPageValidation" time="20.547"/>
  <system-out/>
</testsuite> <!-- XYZBank.CustomersPageValidationTest -->
