<?xml version="1.0" encoding="UTF-8"?>
<!-- Generated by org.testng.reporters.JUnitReportReporter -->
<testsuite hostname="DESKTOP-DIHH1GD" failures="0" tests="1" name="XYZBank.CustomerLoginValidationTest" time="10.324" errors="0" timestamp="2024-03-07T19:42:39 IST" skipped="0">
  <testcase classname="XYZBank.CustomerLoginValidationTest" name="customerLoginValidation" time="10.324"/>
  <system-out/>
</testsuite> <!-- XYZBank.CustomerLoginValidationTest -->
