<?xml version="1.0" encoding="UTF-8"?>
<!-- Generated by org.testng.reporters.JUnitReportReporter -->
<testsuite hostname="DESKTOP-DIHH1GD" failures="0" tests="1" name="XYZBank.XYZTest" time="8.296" errors="0" timestamp="2024-03-07T16:45:55 IST" skipped="0">
  <testcase classname="XYZBank.XYZTest" name="homePageValidation" time="8.296"/>
  <system-out/>
</testsuite> <!-- XYZBank.XYZTest -->
