<?xml version="1.0" encoding="UTF-8"?>
<!-- Generated by org.testng.reporters.JUnitReportReporter -->
<testsuite hostname="DESKTOP-DIHH1GD" failures="0" tests="2" name="XYZBank.CustomerLoginValidationTest" time="24.823" errors="0" timestamp="2024-03-08T03:58:10 IST" skipped="0">
  <testcase classname="XYZBank.CustomerLoginValidationTest" name="customerLoginValidation" time="12.010"/>
  <system-out/>
  <testcase classname="XYZBank.CustomerLoginValidationTest" name="customerLoginValidation" time="12.813"/>
  <system-out/>
</testsuite> <!-- XYZBank.CustomerLoginValidationTest -->
