<?xml version="1.0" encoding="UTF-8"?>
<!-- Generated by org.testng.reporters.JUnitReportReporter -->
<testsuite hostname="DESKTOP-DIHH1GD" failures="0" tests="2" name="XYZBank.BankManagerLandingPageValidationTest" time="17.579" errors="0" timestamp="2024-03-08T03:58:10 IST" skipped="0">
  <testcase classname="XYZBank.BankManagerLandingPageValidationTest" name="bankManagerLandingPageValidation" time="10.048"/>
  <system-out/>
  <testcase classname="XYZBank.BankManagerLandingPageValidationTest" name="bankManagerLandingPageValidation" time="7.531"/>
  <system-out/>
</testsuite> <!-- XYZBank.BankManagerLandingPageValidationTest -->
