<?xml version="1.0" encoding="UTF-8"?>
<!-- Generated by org.testng.reporters.JUnitReportReporter -->
<testsuite hostname="DESKTOP-DIHH1GD" failures="0" tests="2" name="XYZBank.HomePageValidationTest" time="25.326" errors="0" timestamp="2024-03-08T03:58:10 IST" skipped="0">
  <testcase classname="XYZBank.HomePageValidationTest" name="homePageValidation" time="11.245"/>
  <system-out/>
  <testcase classname="XYZBank.HomePageValidationTest" name="homePageValidation" time="14.081"/>
  <system-out/>
</testsuite> <!-- XYZBank.HomePageValidationTest -->
