<?xml version="1.0" encoding="UTF-8"?>
<!-- Generated by org.testng.reporters.JUnitReportReporter -->
<testsuite hostname="DESKTOP-DIHH1GD" failures="0" tests="1" name="XYZBank.BankManagerLandingPageValidationTest" time="9.905" errors="0" timestamp="2024-03-07T19:42:40 IST" skipped="0">
  <testcase classname="XYZBank.BankManagerLandingPageValidationTest" name="bankManagerLandingPageValidation" time="9.905"/>
  <system-out/>
</testsuite> <!-- XYZBank.BankManagerLandingPageValidationTest -->
