<?xml version="1.0" encoding="UTF-8"?>
<!-- Generated by org.testng.reporters.JUnitReportReporter -->
<testsuite hostname="DESKTOP-DIHH1GD" failures="0" tests="2" name="XYZBank.CustomerDepositValidationTest" time="44.481" errors="0" timestamp="2024-03-08T03:58:10 IST" skipped="0">
  <testcase classname="XYZBank.CustomerDepositValidationTest" name="customerDepositValidation" time="16.308"/>
  <system-out/>
  <testcase classname="XYZBank.CustomerDepositValidationTest" name="customerDepositValidation" time="28.173"/>
  <system-out/>
</testsuite> <!-- XYZBank.CustomerDepositValidationTest -->
