<?xml version="1.0" encoding="UTF-8"?>
<!-- Generated by org.testng.reporters.JUnitReportReporter -->
<testsuite hostname="DESKTOP-DIHH1GD" failures="0" tests="1" name="XYZBank.TransactionsPageValidationTest" time="27.371" errors="0" timestamp="2024-03-07T19:42:39 IST" skipped="0">
  <testcase classname="XYZBank.TransactionsPageValidationTest" name="transcationsPageValidation" time="27.371"/>
  <system-out/>
</testsuite> <!-- XYZBank.TransactionsPageValidationTest -->
