<?xml version="1.0" encoding="UTF-8"?>
<!-- Generated by org.testng.reporters.JUnitReportReporter -->
<testsuite hostname="DESKTOP-DIHH1GD" failures="0" tests="1" name="XYZBank.CustomerDepositValidationTest" time="12.797" errors="0" timestamp="2024-03-07T19:42:39 IST" skipped="0">
  <testcase classname="XYZBank.CustomerDepositValidationTest" name="customerDepositValidation" time="12.797"/>
  <system-out/>
</testsuite> <!-- XYZBank.CustomerDepositValidationTest -->
