<?xml version="1.0" encoding="UTF-8"?>
<!-- Generated by org.testng.reporters.JUnitReportReporter -->
<testsuite hostname="DESKTOP-DIHH1GD" failures="0" tests="2" name="XYZBank.AddCustomerPageValidationTest" time="31.903" errors="0" timestamp="2024-03-08T03:58:10 IST" skipped="0">
  <testcase classname="XYZBank.AddCustomerPageValidationTest" name="homePageValidation" time="16.194"/>
  <system-out/>
  <testcase classname="XYZBank.AddCustomerPageValidationTest" name="homePageValidation" time="15.709"/>
  <system-out/>
</testsuite> <!-- XYZBank.AddCustomerPageValidationTest -->
