<?xml version="1.0" encoding="UTF-8"?>
<!-- Generated by org.testng.reporters.JUnitReportReporter -->
<testsuite hostname="DESKTOP-DIHH1GD" failures="0" tests="1" name="XYZBank.CustomerDepositValidationTest" time="13.802" errors="0" timestamp="2024-03-07T23:57:51 IST" skipped="0">
  <testcase classname="XYZBank.CustomerDepositValidationTest" name="customerDepositValidation" time="13.802"/>
  <system-out/>
</testsuite> <!-- XYZBank.CustomerDepositValidationTest -->
